<?xml version="1.0" encoding="UTF-8"?>
<robot generator="Robot 3.2.2 (Python 3.9.1 on darwin)" generated="20210419 01:53:57.861" rpa="false">
<suite id="s1" name="AddNewEvent" source="/Users/trinhtran/Desktop/AndroidRobot/AddNewEvent.robot">
<test id="s1-t1" name="Plus Button Test">
<kw name="Open Application" library="AppiumLibrary">
<doc>Opens a new application to given Appium server.
Capabilities of appium server, Android and iOS,
Please check https://github.com/appium/appium/blob/master/docs/en/writing-running-appium/server-args.md
| *Option*            | *Man.* | *Description*     |
| remote_url          | Yes    | Appium server url |
| alias               | no     | alias             |</doc>
<arguments>
<arg>http://localhost:4723/wd/hub</arg>
<arg>platformName=Android</arg>
<arg>deviceName=emulator-5554</arg>
<arg>app=//Users//trinhtran//Desktop//app-github-debug.apk</arg>
</arguments>
<status status="PASS" starttime="20210419 01:53:58.050" endtime="20210419 01:54:06.056"></status>
</kw>
<kw name="Click Element" library="AppiumLibrary">
<doc>Click element identified by `locator`.</doc>
<arguments>
<arg>${SEE-ACTION-BUTTON}</arg>
</arguments>
<msg timestamp="20210419 01:54:06.058" level="INFO">Clicking element 'id=com.apozas.contactdiary:id/fab'.</msg>
<status status="PASS" starttime="20210419 01:54:06.056" endtime="20210419 01:54:06.596"></status>
</kw>
<kw name="Wait Until Page Contains Element" library="AppiumLibrary">
<doc>Waits until element specified with `locator` appears on current page.</doc>
<arguments>
<arg>${HIDE-ACTION-BUTTON}</arg>
</arguments>
<status status="PASS" starttime="20210419 01:54:06.596" endtime="20210419 01:54:06.681"></status>
</kw>
<kw name="Click Element" library="AppiumLibrary">
<doc>Click element identified by `locator`.</doc>
<arguments>
<arg>${HIDE-ACTION-BUTTON}</arg>
</arguments>
<msg timestamp="20210419 01:54:06.683" level="INFO">Clicking element 'id=com.apozas.contactdiary:id/fab'.</msg>
<status status="PASS" starttime="20210419 01:54:06.682" endtime="20210419 01:54:07.177"></status>
</kw>
<status status="PASS" starttime="20210419 01:53:58.050" endtime="20210419 01:54:07.178" critical="yes"></status>
</test>
<test id="s1-t2" name="[Teardown]">
<kw name="Close Application" library="AppiumLibrary">
<doc>Closes the current application and also close webdriver session.</doc>
<status status="PASS" starttime="20210419 01:54:07.179" endtime="20210419 01:54:07.571"></status>
</kw>
<status status="PASS" starttime="20210419 01:54:07.178" endtime="20210419 01:54:07.572" critical="yes"></status>
</test>
<status status="PASS" starttime="20210419 01:53:57.862" endtime="20210419 01:54:07.574"></status>
</suite>
<statistics>
<total>
<stat pass="2" fail="0">Critical Tests</stat>
<stat pass="2" fail="0">All Tests</stat>
</total>
<tag>
</tag>
<suite>
<stat pass="2" fail="0" id="s1" name="AddNewEvent">AddNewEvent</stat>
</suite>
</statistics>
<errors>
</errors>
</robot>
